<?xml version="1.0" encoding="UTF-8"?>
<!-- Generated by org.testng.reporters.JUnitReportReporter -->
<testsuite skipped="0" hostname="DESKTOP-R4NQTBT" name="testLayerpackage.demo" tests="1" failures="0" timestamp="2021-08-16T23:29:55 IST" time="0.043" errors="0">
  <testcase name="m1" time="0.043" classname="testLayerpackage.demo"/>
  <system-out/>
</testsuite> <!-- testLayerpackage.demo -->
