<?xml version="1.0" encoding="UTF-8"?>
<!-- Generated by org.testng.reporters.JUnitReportReporter -->
<testsuite skipped="0" hostname="DESKTOP-R4NQTBT" name="testLayerpackage.loginpageTest" tests="1" failures="0" timestamp="2021-08-23T09:11:34 IST" time="16.164" errors="0">
  <testcase name="usernamefunctionality" time="16.164" classname="testLayerpackage.loginpageTest"/>
  <system-out/>
</testsuite> <!-- testLayerpackage.loginpageTest -->
