<?xml version="1.0" encoding="UTF-8"?>
<!-- Generated by org.testng.reporters.JUnitReportReporter -->
<testsuite skipped="0" hostname="DESKTOP-R4NQTBT" name="testLayerpackage.demo" tests="1" failures="0" timestamp="2021-11-14T10:23:40 IST" time="0.055" errors="0">
  <testcase name="m1" time="0.055" classname="testLayerpackage.demo"/>
  <system-out/>
</testsuite> <!-- testLayerpackage.demo -->
